<?xml version="1.0" encoding="UTF-8"?>
<!-- Generated by org.testng.reporters.JUnitXMLReporter -->
<testsuite hostname="DESKTOP-A3DICO7" ignored="17" name="Test(failed)" tests="4" failures="4" timestamp="16 Apr 2019 08:51:50 GMT" time="31.248" errors="0">
  <testcase name="verifyHomePageTitle" time="0.042" classname="com.zoopla.qa.testcase.HomePageTest">
    <failure type="java.lang.AssertionError" message="expected [Zooplas &amp;gt; Search Property to Buy, Rent, House Prices, Estate Agents] but found [Zoopla &amp;gt; Search Property to Buy, Rent, House Prices, Estate Agents]">
      <![CDATA[java.lang.AssertionError: expected [Zooplas > Search Property to Buy, Rent, House Prices, Estate Agents] but found [Zoopla > Search Property to Buy, Rent, House Prices, Estate Agents]
at com.zoopla.qa.testcase.HomePageTest.verifyHomePageTitle(HomePageTest.java:23)
... Removed 31 stack frames]]>
    </failure>
  </testcase> <!-- verifyHomePageTitle -->
  <testcase name="verifyHomePageTitle" time="0.011" classname="com.zoopla.qa.testcase.HomePageTest">
    <failure type="java.lang.AssertionError" message="expected [Zooplas &amp;gt; Search Property to Buy, Rent, House Prices, Estate Agents] but found [Zoopla &amp;gt; Search Property to Buy, Rent, House Prices, Estate Agents]">
      <![CDATA[java.lang.AssertionError: expected [Zooplas > Search Property to Buy, Rent, House Prices, Estate Agents] but found [Zoopla > Search Property to Buy, Rent, House Prices, Estate Agents]
at com.zoopla.qa.testcase.HomePageTest.verifyHomePageTitle(HomePageTest.java:23)
... Removed 31 stack frames]]>
    </failure>
  </testcase> <!-- verifyHomePageTitle -->
  <testcase name="verifyHomePageTitle" time="0.011" classname="com.zoopla.qa.testcase.HomePageTest">
    <failure type="java.lang.AssertionError" message="expected [Zooplas &amp;gt; Search Property to Buy, Rent, House Prices, Estate Agents] but found [Zoopla &amp;gt; Search Property to Buy, Rent, House Prices, Estate Agents]">
      <![CDATA[java.lang.AssertionError: expected [Zooplas > Search Property to Buy, Rent, House Prices, Estate Agents] but found [Zoopla > Search Property to Buy, Rent, House Prices, Estate Agents]
at com.zoopla.qa.testcase.HomePageTest.verifyHomePageTitle(HomePageTest.java:23)
... Removed 31 stack frames]]>
    </failure>
  </testcase> <!-- verifyHomePageTitle -->
  <testcase name="verifyHomePageTitle" time="0.012" classname="com.zoopla.qa.testcase.HomePageTest">
    <failure type="java.lang.AssertionError" message="expected [Zooplas &amp;gt; Search Property to Buy, Rent, House Prices, Estate Agents] but found [Zoopla &amp;gt; Search Property to Buy, Rent, House Prices, Estate Agents]">
      <![CDATA[java.lang.AssertionError: expected [Zooplas > Search Property to Buy, Rent, House Prices, Estate Agents] but found [Zoopla > Search Property to Buy, Rent, House Prices, Estate Agents]
at com.zoopla.qa.testcase.HomePageTest.verifyHomePageTitle(HomePageTest.java:23)
... Removed 31 stack frames]]>
    </failure>
  </testcase> <!-- verifyHomePageTitle -->
  <testcase name="agentDetails" time="0.0" classname="com.zoopla.qa.testcase.PropertyPageTest">
    <ignored/>
  </testcase> <!-- agentDetails -->
  <testcase name="agentDetails" time="0.0" classname="com.zoopla.qa.testcase.PropertyPageTest">
    <ignored/>
  </testcase> <!-- agentDetails -->
  <testcase name="@BeforeTest initialization" time="0.0" classname="com.zoopla.qa.base.TestBase">
    <ignored/>
  </testcase> <!-- @BeforeTest initialization -->
  <testcase name="@BeforeTest initialization" time="0.0" classname="com.zoopla.qa.base.TestBase">
    <ignored/>
  </testcase> <!-- @BeforeTest initialization -->
  <testcase name="@BeforeTest initialization" time="0.0" classname="com.zoopla.qa.base.TestBase">
    <ignored/>
  </testcase> <!-- @BeforeTest initialization -->
  <testcase name="printPrice" time="0.0" classname="com.zoopla.qa.testcase.SalePageTest">
    <ignored/>
  </testcase> <!-- printPrice -->
  <testcase name="printPrice" time="0.0" classname="com.zoopla.qa.testcase.SalePageTest">
    <ignored/>
  </testcase> <!-- printPrice -->
  <testcase name="printPrice" time="0.0" classname="com.zoopla.qa.testcase.SalePageTest">
    <ignored/>
  </testcase> <!-- printPrice -->
  <testcase name="verifyPropertyPageTitle" time="0.0" classname="com.zoopla.qa.testcase.HomePageTest">
    <ignored/>
  </testcase> <!-- verifyPropertyPageTitle -->
  <testcase name="verifyPropertyPageTitle" time="0.0" classname="com.zoopla.qa.testcase.HomePageTest">
    <ignored/>
  </testcase> <!-- verifyPropertyPageTitle -->
  <testcase name="verifyPropertyPageTitle" time="0.0" classname="com.zoopla.qa.testcase.HomePageTest">
    <ignored/>
  </testcase> <!-- verifyPropertyPageTitle -->
  <testcase name="verifyPropertyPageTitle" time="0.0" classname="com.zoopla.qa.testcase.HomePageTest">
    <ignored/>
  </testcase> <!-- verifyPropertyPageTitle -->
  <testcase name="searchLocation" time="0.0" classname="com.zoopla.qa.testcase.HomePageTest">
    <ignored/>
  </testcase> <!-- searchLocation -->
  <testcase name="searchLocation" time="0.0" classname="com.zoopla.qa.testcase.HomePageTest">
    <ignored/>
  </testcase> <!-- searchLocation -->
  <testcase name="searchLocation" time="0.0" classname="com.zoopla.qa.testcase.HomePageTest">
    <ignored/>
  </testcase> <!-- searchLocation -->
  <testcase name="searchLocation" time="0.0" classname="com.zoopla.qa.testcase.HomePageTest">
    <ignored/>
  </testcase> <!-- searchLocation -->
  <testcase name="verifyAgentDetails" time="0.0" classname="com.zoopla.qa.testcase.AgentDetailsPageTest">
    <ignored/>
  </testcase> <!-- verifyAgentDetails -->
</testsuite> <!-- Test(failed) -->
