<?xml version="1.0" encoding="UTF-8"?>
<!-- Generated by org.testng.reporters.JUnitXMLReporter -->
<testsuite hostname="RahulKaelsMini2" name="NaveenAutomation_24thApril" tests="6" failures="2" timestamp="15 Jun 2019 07:05:47 GMT" time="0.063" errors="0">
  <testcase name="login1" time="0.019" classname="com.zoopla.qa.testcase.PracticeOne">
    <failure type="java.lang.AssertionError" message="The following asserts failed:
missed">
      <![CDATA[java.lang.AssertionError: The following asserts failed:
missed
	at com.zoopla.qa.testcase.PracticeOne.login1(PracticeOne.java:21)
... Removed 25 stack frames]]>
    </failure>
  </testcase> <!-- login1 -->
  <testcase name="login2" time="0.003" classname="com.zoopla.qa.testcase.PracticeTwo"/>
  <testcase name="click1" time="0.002" classname="com.zoopla.qa.testcase.PracticeOne">
    <failure type="java.lang.AssertionError" message="Wrong village expected [Parola] but found [UK]">
      <![CDATA[java.lang.AssertionError: Wrong village expected [Parola] but found [UK]
	at com.zoopla.qa.testcase.PracticeOne.click1(PracticeOne.java:29)
... Removed 28 stack frames]]>
    </failure>
  </testcase> <!-- click1 -->
  <testcase name="click2" time="0.001" classname="com.zoopla.qa.testcase.PracticeTwo"/>
  <testcase name="logout1" time="0.002" classname="com.zoopla.qa.testcase.PracticeOne"/>
  <testcase name="logout2" time="0.001" classname="com.zoopla.qa.testcase.PracticeTwo"/>
</testsuite> <!-- NaveenAutomation_24thApril -->
